21:23:15.914 [main                     ] DEBUG Logger               - Configured Logger
21:23:15.943 [main                     ] DEBUG GameApplication      - Logging settings
Title: Pong
Version: 0.0
Width: 800
Height: 600
Fullscreen: false
Intro: false
Profiling: false
Single step:false
App Mode: DEVELOPER
Menu Key: ESCAPE
Stage Style: DECORATED
Scene Factory: class com.almasb.fxgl.app.scene.SceneFactory

21:23:16.282 [JavaFX Application Thread] DEBUG FXGLApplication      - Initializing FXGL
21:23:16.286 [JavaFX Application Thread] INFO  Engine               - FXGL-17 (31.12.2021 18.16) on WINDOWS (J:18.0.2 FX:18)
21:23:16.286 [JavaFX Application Thread] DEBUG Engine               - JRE Vendor Name: Oracle Corporation
21:23:16.286 [JavaFX Application Thread] DEBUG Engine               - Running on OS: Windows 10 version 10.0
21:23:16.286 [JavaFX Application Thread] DEBUG Engine               - Architecture: amd64
21:23:16.286 [JavaFX Application Thread] INFO  Engine               - Source code and latest versions at: https://github.com/AlmasB/FXGL
21:23:16.286 [JavaFX Application Thread] INFO  Engine               -       Ask questions and discuss at: https://github.com/AlmasB/FXGL/discussions
21:23:16.286 [JavaFX Application Thread] INFO  Engine               -              Join the FXGL chat at: https://gitter.im/AlmasB/FXGL
21:23:16.356 [JavaFX Application Thread] DEBUG PrimaryStageWindow   - Creating a JavaFX scene
21:23:16.388 [JavaFX Application Thread] DEBUG PrimaryStageWindow   - Target settings size: 800.0 x 600.0
21:23:16.389 [JavaFX Application Thread] DEBUG PrimaryStageWindow   - Scaled scene size:    800.0 x 600.0
21:23:16.389 [JavaFX Application Thread] DEBUG PrimaryStageWindow   - Scaled ratio: (1.0, 1.0)
21:23:16.389 [JavaFX Application Thread] DEBUG PrimaryStageWindow   - Set initial scene to FXGLStartupScene
21:23:16.394 [JavaFX Application Thread] DEBUG PrimaryStageWindow   - Opening main window
21:23:16.451 [JavaFX Application Thread] DEBUG PrimaryStageWindow   - Window border size: (16.0, 39.0)
21:23:16.451 [JavaFX Application Thread] DEBUG PrimaryStageWindow   - Scaled size: 800.0 x 600.0
21:23:16.451 [JavaFX Application Thread] DEBUG PrimaryStageWindow   - Scaled ratio: (1.0, 1.0)
21:23:16.452 [JavaFX Application Thread] DEBUG PrimaryStageWindow   - Scene size: 800.0 x 600.0
21:23:16.452 [JavaFX Application Thread] DEBUG PrimaryStageWindow   - Stage size: 816.0 x 639.0
21:23:16.457 [FXGL Background Thread 1 ] DEBUG Engine               - Initializing environment variables
21:23:16.492 [FXGL Background Thread 1 ] DEBUG FXGLAssetLoaderServi - User app class for loading assets: class com.example.pong.Main
21:23:16.493 [FXGL Background Thread 1 ] DEBUG GameApplicationServi - Applying CSS: fxgl_dark.css
21:23:16.493 [FXGL Background Thread 1 ] DEBUG FXGLAssetLoaderServi - Loading from file system: jar:file:///C:/Users/alexb/.m2/repository/com/github/almasb/fxgl/17/fxgl-17.jar!/fxglassets/ui/css/fxgl_dark.css
21:23:16.530 [FXGL Background Thread 1 ] DEBUG GameApplicationServi - Initializing application scenes
21:23:16.558 [FXGL Background Thread 1 ] DEBUG GameWorld            - Game world initialized
21:23:16.612 [FXGL Background Thread 1 ] DEBUG PhysicsWorld         - Physics world initialized: appHeight=600, physics.ppm=50.0
21:23:16.612 [FXGL Background Thread 1 ] DEBUG PhysicsWorld         - Using strategy: BRUTE_FORCE
21:23:16.615 [FXGL Background Thread 1 ] DEBUG GameScene            - Game scene initialized: 800x600
21:23:16.623 [FXGL Background Thread 1 ] DEBUG FXGL.DefaultMenu     - createMenuBodyGameMenu()
21:23:16.634 [FXGL Background Thread 1 ] DEBUG FXGL.DefaultMenu     - createOptionsMenu()
21:23:16.642 [FXGL Background Thread 1 ] DEBUG FXGLAssetLoaderServi - Loading from file system: jar:file:///C:/Users/alexb/.m2/repository/com/github/almasb/fxgl/17/fxgl-17.jar!/fxglassets/textures/particles/smoke.png
21:23:16.716 [FXGL Background Thread 1 ] DEBUG FXGLAssetLoaderServi - Loading from file system: jar:file:///C:/Users/alexb/.m2/repository/com/github/almasb/fxgl/17/fxgl-17.jar!/fxglassets/textures/particles/trace_horizontal.png
21:23:16.745 [FXGL Background Thread 1 ] DEBUG GameApplicationServi - Application scenes initialized
21:23:16.754 [FXGL Background Thread 1 ] DEBUG SystemBundleService  - Loading FXGL system data
21:23:16.758 [FXGL Background Thread 1 ] DEBUG FileSystemAccess     - Reading from: C:\Users\alexb\IdeaProjects\Pong\system\fxgl.bundle
21:23:16.766 [FXGL Background Thread 1 ] DEBUG SystemBundleService  - Bundle FXGL: {}
21:23:16.766 [FXGL Background Thread 1 ] DEBUG UpdaterService       - Checking for updates
21:23:16.769 [FXGL Background Thread 4 ] DEBUG FXGLApplication      - Loading fonts
21:23:16.769 [FXGL Background Thread 1 ] DEBUG FXGLApplication      - Loading default localization
21:23:16.770 [FXGL Background Thread 4 ] DEBUG FXGLAssetLoaderServi - Loading from file system: jar:file:///C:/Users/alexb/.m2/repository/com/github/almasb/fxgl/17/fxgl-17.jar!/fxglassets/ui/fonts/VarelaRound-Regular.ttf
21:23:16.770 [FXGL Background Thread 1 ] DEBUG FXGLAssetLoaderServi - Loading from file system: jar:file:///C:/Users/alexb/.m2/repository/com/github/almasb/fxgl/17/fxgl-17.jar!/fxglassets/languages/english.lang
21:23:16.788 [FXGL Background Thread 1 ] INFO  FXGLApplication      - FXGL initialization took: 0.331 sec
21:23:16.796 [JavaFX Application Thread] DEBUG Input                - Registered new binding: Up - W
21:23:16.797 [JavaFX Application Thread] DEBUG Input                - Registered new binding: Down - S
21:23:16.797 [JavaFX Application Thread] DEBUG FXGLAssetLoaderServi - Loading from file system: jar:file:///C:/Users/alexb/.m2/repository/com/github/almasb/fxgl/17/fxgl-17.jar!/fxglassets/textures/fxgl_icon.png
21:23:16.826 [JavaFX Application Thread] DEBUG FXGLAssetLoaderServi - Loading from file system: jar:file:///C:/Users/alexb/.m2/repository/com/github/almasb/fxgl/17/fxgl-17.jar!/fxglassets/textures/fxgl_default_cursor.png
21:23:16.828 [FXGL Background Thread 4 ] DEBUG FXGLAssetLoaderServi - Loading from file system: jar:file:///C:/Users/alexb/.m2/repository/com/github/almasb/fxgl/17/fxgl-17.jar!/fxglassets/ui/fonts/Abel-Regular.ttf
21:23:16.829 [JavaFX Application Thread] DEBUG Input                - Registered new binding: Screenshot - CTRL+8
21:23:16.830 [JavaFX Application Thread] DEBUG Input                - Registered new binding: System info dump - CTRL+9
21:23:16.830 [JavaFX Application Thread] DEBUG Input                - Registered new binding: Restart - CTRL+R
21:23:16.830 [JavaFX Application Thread] DEBUG Input                - Registered new binding: Toggle Debug Camera - CTRL+7
21:23:16.831 [FXGL Background Thread 4 ] DEBUG FXGLAssetLoaderServi - Loading from file system: jar:file:///C:/Users/alexb/.m2/repository/com/github/almasb/fxgl/17/fxgl-17.jar!/fxglassets/ui/fonts/TerminalLandMono-Regular.otf
21:23:16.833 [JavaFX Application Thread] DEBUG LoopRunner           - Starting loop
21:23:16.833 [JavaFX Application Thread] DEBUG LoopRunner           - Initializing JavaFX AnimationTimerLoop
21:23:16.834 [JavaFX Application Thread] DEBUG GameApplicationServi - Starting new game
21:23:16.834 [FXGL Background Thread 4 ] DEBUG FXGLAssetLoaderServi - Loading from file system: jar:file:///C:/Users/alexb/.m2/repository/com/github/almasb/fxgl/17/fxgl-17.jar!/fxglassets/ui/fonts/Courier-Prime.ttf
21:23:16.835 [JavaFX Application Thread] DEBUG Input                - Clearing active input actions
21:23:16.843 [JavaFX Application Thread] DEBUG GameApplicationServi - Removing overlay from FXGLStartupScene and adding to FXGLLoadingScene
21:23:16.844 [JavaFX Application Thread] DEBUG PrimaryStageWindow   - FXGLStartupScene -> FXGLLoadingScene
21:23:16.844 [JavaFX Application Thread] DEBUG GameApplicationServi - Clearing previous game
21:23:16.844 [JavaFX Application Thread] DEBUG GameScene            - Clearing game scene
21:23:16.844 [JavaFX Application Thread] DEBUG GameWorld            - Clearing game world
21:23:16.844 [JavaFX Application Thread] DEBUG PhysicsWorld         - Clearing physics world
21:23:16.845 [FXGL Background Thread 4 ] DEBUG FXGLApplication      - Initializing game
21:23:16.846 [JavaFX Application Thread] DEBUG FXGLApplication      - Registering font factories with UI factory
21:23:16.874 [FXGL Background Thread 4 ] WARN  Entity               - Entity already has component: com.almasb.fxgl.entity.components.CollidableComponent
21:23:16.883 [FXGL Background Thread 4 ] INFO  FXGLApplication      - Game initialization took: 0.038 sec
21:23:16.947 [JavaFX Application Thread] DEBUG Input                - Clearing active input actions
21:23:16.951 [JavaFX Application Thread] DEBUG GameApplicationServi - Removing overlay from FXGLLoadingScene and adding to GameScene
21:23:16.951 [JavaFX Application Thread] DEBUG PrimaryStageWindow   - FXGLLoadingScene -> GameScene
21:23:17.408 [FXGL Background Thread 2 ] INFO  UpdaterService       - Your current version:  17
21:23:17.408 [FXGL Background Thread 2 ] INFO  UpdaterService       - Latest stable version: 17.2
21:23:19.770 [FXGL Background Thread 3 ] DEBUG Engine               - Logging environment variables
21:23:19.770 [FXGL Background Thread 3 ] DEBUG Engine               - achievements: []
21:23:19.770 [FXGL Background Thread 3 ] DEBUG Engine               - actualHeight: 600.0
21:23:19.770 [FXGL Background Thread 3 ] DEBUG Engine               - actualHeightProperty: ReadOnlyDoubleProperty [value: 600.0]
21:23:19.770 [FXGL Background Thread 3 ] DEBUG Engine               - actualWidth: 800.0
21:23:19.770 [FXGL Background Thread 3 ] DEBUG Engine               - actualWidthProperty: ReadOnlyDoubleProperty [value: 800.0]
21:23:19.770 [FXGL Background Thread 3 ] DEBUG Engine               - appIcon: fxgl_icon.png
21:23:19.770 [FXGL Background Thread 3 ] DEBUG Engine               - applicationMode: DEVELOPER
21:23:19.770 [FXGL Background Thread 3 ] DEBUG Engine               - cSSList: [fxgl_dark.css]
21:23:19.770 [FXGL Background Thread 3 ] DEBUG Engine               - collisionDetectionStrategy: BRUTE_FORCE
21:23:19.771 [FXGL Background Thread 3 ] DEBUG Engine               - configClass: Optional.empty
21:23:19.771 [FXGL Background Thread 3 ] DEBUG Engine               - credits: []
21:23:19.771 [FXGL Background Thread 3 ] DEBUG Engine               - defaultCursor: CursorInfo(imageName=fxgl_default_cursor.png, hotspotX=7.0, hotspotY=6.0)
21:23:19.771 [FXGL Background Thread 3 ] DEBUG Engine               - devBBoxColorProperty: ObjectProperty [value: 0xff0000ff]
21:23:19.771 [FXGL Background Thread 3 ] DEBUG Engine               - devEnableDebugCameraProperty: BooleanProperty [value: false]
21:23:19.771 [FXGL Background Thread 3 ] DEBUG Engine               - devSensorColorProperty: ObjectProperty [value: 0xffff00ff]
21:23:19.771 [FXGL Background Thread 3 ] DEBUG Engine               - devShowBBoxProperty: BooleanProperty [value: false]
21:23:19.771 [FXGL Background Thread 3 ] DEBUG Engine               - devShowPositionProperty: BooleanProperty [value: false]
21:23:19.771 [FXGL Background Thread 3 ] DEBUG Engine               - enabledMenuItems: []
21:23:19.771 [FXGL Background Thread 3 ] DEBUG Engine               - engineServices: [class com.almasb.fxgl.app.services.FXGLAssetLoaderService, class com.almasb.fxgl.app.FXGLApplication$GameApplicationService, class com.almasb.fxgl.app.services.FXGLDialogService, class com.almasb.fxgl.app.services.IOTaskExecutorService, class com.almasb.fxgl.io.FileSystemService, class com.almasb.fxgl.localization.LocalizationService, class com.almasb.fxgl.app.services.SystemBundleService, class com.almasb.fxgl.profile.SaveLoadService, class com.almasb.fxgl.ui.FXGLUIFactoryServiceProvider, class com.almasb.fxgl.ui.FXGLDialogFactoryServiceProvider, class com.almasb.fxgl.audio.AudioPlayer, class com.almasb.fxgl.notification.impl.NotificationServiceProvider, class com.almasb.fxgl.achievement.AchievementService, class com.almasb.fxgl.cutscene.CutsceneService, class com.almasb.fxgl.minigames.MiniGameService, class com.almasb.fxgl.net.NetService, class com.almasb.fxgl.app.services.UpdaterService, class com.almasb.fxgl.dev.DevService]
21:23:19.771 [FXGL Background Thread 3 ] DEBUG Engine               - fontGame: Abel-Regular.ttf
21:23:19.771 [FXGL Background Thread 3 ] DEBUG Engine               - fontMono: TerminalLandMono-Regular.otf
21:23:19.771 [FXGL Background Thread 3 ] DEBUG Engine               - fontText: Courier-Prime.ttf
21:23:19.771 [FXGL Background Thread 3 ] DEBUG Engine               - fontUI: VarelaRound-Regular.ttf
21:23:19.772 [FXGL Background Thread 3 ] DEBUG Engine               - fullScreen: BooleanProperty [value: false]
21:23:19.772 [FXGL Background Thread 3 ] DEBUG Engine               - gameDifficulty: MEDIUM
21:23:19.772 [FXGL Background Thread 3 ] DEBUG Engine               - gameDifficultyProperty: ObjectProperty [value: MEDIUM]
21:23:19.772 [FXGL Background Thread 3 ] DEBUG Engine               - globalMusicVolume: 0.5
21:23:19.772 [FXGL Background Thread 3 ] DEBUG Engine               - globalMusicVolumeProperty: DoubleProperty [value: 0.5]
21:23:19.772 [FXGL Background Thread 3 ] DEBUG Engine               - globalSoundVolume: 0.5
21:23:19.772 [FXGL Background Thread 3 ] DEBUG Engine               - globalSoundVolumeProperty: DoubleProperty [value: 0.5]
21:23:19.772 [FXGL Background Thread 3 ] DEBUG Engine               - height: 600
21:23:19.772 [FXGL Background Thread 3 ] DEBUG Engine               - is3D: false
21:23:19.772 [FXGL Background Thread 3 ] DEBUG Engine               - isAndroid: false
21:23:19.772 [FXGL Background Thread 3 ] DEBUG Engine               - isBrowser: false
21:23:19.772 [FXGL Background Thread 3 ] DEBUG Engine               - isClickFeedbackEnabled: false
21:23:19.772 [FXGL Background Thread 3 ] DEBUG Engine               - isCloseConfirmation: false
21:23:19.772 [FXGL Background Thread 3 ] DEBUG Engine               - isDesktop: true
21:23:19.772 [FXGL Background Thread 3 ] DEBUG Engine               - isDeveloperMenuEnabled: false
21:23:19.772 [FXGL Background Thread 3 ] DEBUG Engine               - isEmbedded: false
21:23:19.772 [FXGL Background Thread 3 ] DEBUG Engine               - isEntityPreloadEnabled: true
21:23:19.772 [FXGL Background Thread 3 ] DEBUG Engine               - isExperimentalTiledLargeMap: false
21:23:19.773 [FXGL Background Thread 3 ] DEBUG Engine               - isFileSystemWriteAllowed: true
21:23:19.773 [FXGL Background Thread 3 ] DEBUG Engine               - isFullScreenAllowed: false
21:23:19.773 [FXGL Background Thread 3 ] DEBUG Engine               - isFullScreenFromStart: false
21:23:19.773 [FXGL Background Thread 3 ] DEBUG Engine               - isGameMenuEnabled: true
21:23:19.773 [FXGL Background Thread 3 ] DEBUG Engine               - isIOS: false
21:23:19.773 [FXGL Background Thread 3 ] DEBUG Engine               - isIntroEnabled: false
21:23:19.773 [FXGL Background Thread 3 ] DEBUG Engine               - isLinux: false
21:23:19.773 [FXGL Background Thread 3 ] DEBUG Engine               - isMac: false
21:23:19.773 [FXGL Background Thread 3 ] DEBUG Engine               - isMainMenuEnabled: false
21:23:19.773 [FXGL Background Thread 3 ] DEBUG Engine               - isManualResizeEnabled: false
21:23:19.773 [FXGL Background Thread 3 ] DEBUG Engine               - isMobile: false
21:23:19.773 [FXGL Background Thread 3 ] DEBUG Engine               - isNative: false
21:23:19.773 [FXGL Background Thread 3 ] DEBUG Engine               - isPauseMusicWhenMinimized: true
21:23:19.773 [FXGL Background Thread 3 ] DEBUG Engine               - isPreserveResizeRatio: false
21:23:19.773 [FXGL Background Thread 3 ] DEBUG Engine               - isProfilingEnabled: false
21:23:19.773 [FXGL Background Thread 3 ] DEBUG Engine               - isScaleAffectedOnResize: true
21:23:19.773 [FXGL Background Thread 3 ] DEBUG Engine               - isSingleStep: false
21:23:19.773 [FXGL Background Thread 3 ] DEBUG Engine               - isUserProfileEnabled: false
21:23:19.773 [FXGL Background Thread 3 ] DEBUG Engine               - isWindows: true
21:23:19.773 [FXGL Background Thread 3 ] DEBUG Engine               - language: ObjectProperty [value: ENGLISH]
21:23:19.773 [FXGL Background Thread 3 ] DEBUG Engine               - menuKey: ESCAPE
21:23:19.773 [FXGL Background Thread 3 ] DEBUG Engine               - mouseSensitivity: 0.2
21:23:19.773 [FXGL Background Thread 3 ] DEBUG Engine               - notificationViewClass: class com.almasb.fxgl.notification.view.XboxNotificationView
21:23:19.773 [FXGL Background Thread 3 ] DEBUG Engine               - pixelsPerMeter: 50.0
21:23:19.774 [FXGL Background Thread 3 ] DEBUG Engine               - platform: WINDOWS
21:23:19.774 [FXGL Background Thread 3 ] DEBUG Engine               - prefHeightProperty: ReadOnlyDoubleProperty [value: 600.0]
21:23:19.774 [FXGL Background Thread 3 ] DEBUG Engine               - prefWidthProperty: ReadOnlyDoubleProperty [value: 800.0]
21:23:19.774 [FXGL Background Thread 3 ] DEBUG Engine               - profileDir: profiles/
21:23:19.774 [FXGL Background Thread 3 ] DEBUG Engine               - profileName: StringProperty [value: DEFAULT]
21:23:19.774 [FXGL Background Thread 3 ] DEBUG Engine               - randomSeed: -1
21:23:19.774 [FXGL Background Thread 3 ] DEBUG Engine               - runtimeInfo: RuntimeInfo(platform=WINDOWS, version=17, build=31.12.2021 18.16)
21:23:19.774 [FXGL Background Thread 3 ] DEBUG Engine               - saveFileExt: sav
21:23:19.774 [FXGL Background Thread 3 ] DEBUG Engine               - scaledHeightProp$fxgl: DoubleProperty [bound, value: 600.0]
21:23:19.774 [FXGL Background Thread 3 ] DEBUG Engine               - scaledWidthProp$fxgl: DoubleProperty [bound, value: 800.0]
21:23:19.774 [FXGL Background Thread 3 ] DEBUG Engine               - sceneFactory: com.almasb.fxgl.app.scene.SceneFactory@38756dad
21:23:19.774 [FXGL Background Thread 3 ] DEBUG Engine               - secondsIn24h: 60
21:23:19.774 [FXGL Background Thread 3 ] DEBUG Engine               - soundMenuBack: menu/back.wav
21:23:19.774 [FXGL Background Thread 3 ] DEBUG Engine               - soundMenuPress: menu/press.wav
21:23:19.774 [FXGL Background Thread 3 ] DEBUG Engine               - soundMenuSelect: menu/select.wav
21:23:19.774 [FXGL Background Thread 3 ] DEBUG Engine               - soundNotification: core/notification.wav
21:23:19.774 [FXGL Background Thread 3 ] DEBUG Engine               - stageStyle: DECORATED
21:23:19.774 [FXGL Background Thread 3 ] DEBUG Engine               - supportedLanguages: [ENGLISH, FRENCH, GERMAN, HUNGARIAN, RUSSIAN]
21:23:19.775 [FXGL Background Thread 3 ] DEBUG Engine               - ticksPerSecond: -1
21:23:19.775 [FXGL Background Thread 3 ] DEBUG Engine               - title: Pong
21:23:19.775 [FXGL Background Thread 3 ] DEBUG Engine               - urlGithub: https://github.com/AlmasB/FXGL
21:23:19.775 [FXGL Background Thread 3 ] DEBUG Engine               - urlLeaderboard: http://fxgl-top.herokuapp.com/
21:23:19.775 [FXGL Background Thread 3 ] DEBUG Engine               - urlPOM: https://raw.githubusercontent.com/AlmasB/FXGL/release/README.md
21:23:19.775 [FXGL Background Thread 3 ] DEBUG Engine               - userAppClass: class com.example.pong.Main
21:23:19.775 [FXGL Background Thread 3 ] DEBUG Engine               - version: 0.0
21:23:19.775 [FXGL Background Thread 3 ] DEBUG Engine               - versionCheckDays: 7
21:23:19.775 [FXGL Background Thread 3 ] DEBUG Engine               - width: 800
21:23:19.775 [FXGL Background Thread 3 ] DEBUG Engine               - Logging services
21:23:19.775 [FXGL Background Thread 3 ] DEBUG Engine               - class com.almasb.fxgl.app.services.FXGLAssetLoaderService
21:23:19.775 [FXGL Background Thread 3 ] DEBUG Engine               - class com.almasb.fxgl.app.FXGLApplication$GameApplicationService
21:23:19.775 [FXGL Background Thread 3 ] DEBUG Engine               - class com.almasb.fxgl.app.services.FXGLDialogService
21:23:19.775 [FXGL Background Thread 3 ] DEBUG Engine               - class com.almasb.fxgl.app.services.IOTaskExecutorService
21:23:19.775 [FXGL Background Thread 3 ] DEBUG Engine               - class com.almasb.fxgl.io.FileSystemService
21:23:19.775 [FXGL Background Thread 3 ] DEBUG Engine               - class com.almasb.fxgl.localization.LocalizationService
21:23:19.775 [FXGL Background Thread 3 ] DEBUG Engine               - class com.almasb.fxgl.app.services.SystemBundleService
21:23:19.775 [FXGL Background Thread 3 ] DEBUG Engine               - class com.almasb.fxgl.profile.SaveLoadService
21:23:19.775 [FXGL Background Thread 3 ] DEBUG Engine               - class com.almasb.fxgl.ui.FXGLUIFactoryServiceProvider
21:23:19.775 [FXGL Background Thread 3 ] DEBUG Engine               - class com.almasb.fxgl.ui.FXGLDialogFactoryServiceProvider
21:23:19.775 [FXGL Background Thread 3 ] DEBUG Engine               - class com.almasb.fxgl.audio.AudioPlayer
21:23:19.775 [FXGL Background Thread 3 ] DEBUG Engine               - class com.almasb.fxgl.notification.impl.NotificationServiceProvider
21:23:19.775 [FXGL Background Thread 3 ] DEBUG Engine               - class com.almasb.fxgl.achievement.AchievementService
21:23:19.775 [FXGL Background Thread 3 ] DEBUG Engine               - class com.almasb.fxgl.cutscene.CutsceneService
21:23:19.775 [FXGL Background Thread 3 ] DEBUG Engine               - class com.almasb.fxgl.minigames.MiniGameService
21:23:19.775 [FXGL Background Thread 3 ] DEBUG Engine               - class com.almasb.fxgl.net.NetService
21:23:19.775 [FXGL Background Thread 3 ] DEBUG Engine               - class com.almasb.fxgl.app.services.UpdaterService
21:23:19.775 [FXGL Background Thread 3 ] DEBUG Engine               - class com.almasb.fxgl.dev.DevService
21:23:36.178 [JavaFX Application Thread] DEBUG PrimaryStageWindow   - Push state: DialogSubScene
21:23:36.178 [JavaFX Application Thread] DEBUG Input                - Clearing active input actions
21:23:36.180 [JavaFX Application Thread] DEBUG GameApplicationServi - Removing overlay from GameScene and adding to DialogSubScene
21:23:36.180 [JavaFX Application Thread] DEBUG PrimaryStageWindow   - GameScene -> DialogSubScene
21:23:38.733 [JavaFX Application Thread] DEBUG PrimaryStageWindow   - Pop state: DialogSubScene
21:23:38.733 [JavaFX Application Thread] DEBUG Input                - Clearing active input actions
21:23:38.734 [JavaFX Application Thread] DEBUG GameApplicationServi - Removing overlay from DialogSubScene and adding to GameScene
21:23:38.734 [JavaFX Application Thread] DEBUG PrimaryStageWindow   - GameScene <- DialogSubScene
21:23:38.734 [JavaFX Application Thread] DEBUG FXGLApplication      - Exiting FXGL
21:23:38.734 [JavaFX Application Thread] DEBUG LoopRunner           - Stopping loop
21:23:38.734 [JavaFX Application Thread] DEBUG SystemBundleService  - Saving FXGL system data
21:23:38.735 [JavaFX Application Thread] DEBUG FileSystemAccess     - Writing to: C:\Users\alexb\IdeaProjects\Pong\system\fxgl.bundle
21:23:38.737 [JavaFX Application Thread] DEBUG Async                - Shutting down background threads
21:23:38.737 [JavaFX Application Thread] DEBUG PrimaryStageWindow   - Closing main window
21:23:38.744 [JavaFX Application Thread] DEBUG Logger               - Closing Logger
