17:39:48.476 [main                     ] DEBUG Logger               - Configured Logger
17:39:48.498 [main                     ] DEBUG GameApplication      - Logging settings
Title: Pong
Version: 0.0
Width: 800
Height: 600
Fullscreen: false
Intro: false
Profiling: false
Single step:false
App Mode: DEVELOPER
Menu Key: ESCAPE
Stage Style: DECORATED
Scene Factory: class com.almasb.fxgl.app.scene.SceneFactory

17:39:48.800 [JavaFX Application Thread] DEBUG FXGLApplication      - Initializing FXGL
17:39:48.805 [JavaFX Application Thread] INFO  Engine               - FXGL-17 (31.12.2021 18.16) on WINDOWS (J:18.0.2 FX:18)
17:39:48.805 [JavaFX Application Thread] DEBUG Engine               - JRE Vendor Name: Oracle Corporation
17:39:48.805 [JavaFX Application Thread] DEBUG Engine               - Running on OS: Windows 10 version 10.0
17:39:48.806 [JavaFX Application Thread] DEBUG Engine               - Architecture: amd64
17:39:48.806 [JavaFX Application Thread] INFO  Engine               - Source code and latest versions at: https://github.com/AlmasB/FXGL
17:39:48.806 [JavaFX Application Thread] INFO  Engine               -       Ask questions and discuss at: https://github.com/AlmasB/FXGL/discussions
17:39:48.806 [JavaFX Application Thread] INFO  Engine               -              Join the FXGL chat at: https://gitter.im/AlmasB/FXGL
17:39:48.874 [JavaFX Application Thread] DEBUG PrimaryStageWindow   - Creating a JavaFX scene
17:39:48.904 [JavaFX Application Thread] DEBUG PrimaryStageWindow   - Target settings size: 800.0 x 600.0
17:39:48.904 [JavaFX Application Thread] DEBUG PrimaryStageWindow   - Scaled scene size:    800.0 x 600.0
17:39:48.904 [JavaFX Application Thread] DEBUG PrimaryStageWindow   - Scaled ratio: (1.0, 1.0)
17:39:48.905 [JavaFX Application Thread] DEBUG PrimaryStageWindow   - Set initial scene to FXGLStartupScene
17:39:48.910 [JavaFX Application Thread] DEBUG PrimaryStageWindow   - Opening main window
17:39:48.964 [JavaFX Application Thread] DEBUG PrimaryStageWindow   - Window border size: (16.0, 39.0)
17:39:48.964 [JavaFX Application Thread] DEBUG PrimaryStageWindow   - Scaled size: 800.0 x 600.0
17:39:48.964 [JavaFX Application Thread] DEBUG PrimaryStageWindow   - Scaled ratio: (1.0, 1.0)
17:39:48.964 [JavaFX Application Thread] DEBUG PrimaryStageWindow   - Scene size: 800.0 x 600.0
17:39:48.965 [JavaFX Application Thread] DEBUG PrimaryStageWindow   - Stage size: 816.0 x 639.0
17:39:48.969 [FXGL Background Thread 1 ] DEBUG Engine               - Initializing environment variables
17:39:48.999 [FXGL Background Thread 1 ] DEBUG FXGLAssetLoaderServi - User app class for loading assets: class com.example.pong.Main
17:39:48.999 [FXGL Background Thread 1 ] DEBUG GameApplicationServi - Applying CSS: fxgl_dark.css
17:39:48.999 [FXGL Background Thread 1 ] DEBUG FXGLAssetLoaderServi - Loading from file system: jar:file:///C:/Users/alexb/.m2/repository/com/github/almasb/fxgl/17/fxgl-17.jar!/fxglassets/ui/css/fxgl_dark.css
17:39:49.033 [FXGL Background Thread 1 ] DEBUG GameApplicationServi - Initializing application scenes
17:39:49.058 [FXGL Background Thread 1 ] DEBUG GameWorld            - Game world initialized
17:39:49.120 [FXGL Background Thread 1 ] DEBUG PhysicsWorld         - Physics world initialized: appHeight=600, physics.ppm=50.0
17:39:49.120 [FXGL Background Thread 1 ] DEBUG PhysicsWorld         - Using strategy: BRUTE_FORCE
17:39:49.123 [FXGL Background Thread 1 ] DEBUG GameScene            - Game scene initialized: 800x600
17:39:49.131 [FXGL Background Thread 1 ] DEBUG FXGL.DefaultMenu     - createMenuBodyGameMenu()
17:39:49.141 [FXGL Background Thread 1 ] DEBUG FXGL.DefaultMenu     - createOptionsMenu()
17:39:49.148 [FXGL Background Thread 1 ] DEBUG FXGLAssetLoaderServi - Loading from file system: jar:file:///C:/Users/alexb/.m2/repository/com/github/almasb/fxgl/17/fxgl-17.jar!/fxglassets/textures/particles/smoke.png
17:39:49.207 [FXGL Background Thread 1 ] DEBUG FXGLAssetLoaderServi - Loading from file system: jar:file:///C:/Users/alexb/.m2/repository/com/github/almasb/fxgl/17/fxgl-17.jar!/fxglassets/textures/particles/trace_horizontal.png
17:39:49.229 [FXGL Background Thread 1 ] DEBUG GameApplicationServi - Application scenes initialized
17:39:49.236 [FXGL Background Thread 1 ] DEBUG SystemBundleService  - Loading FXGL system data
17:39:49.239 [FXGL Background Thread 1 ] DEBUG FileSystemAccess     - Reading from: C:\Users\alexb\IdeaProjects\Pong\system\fxgl.bundle
17:39:49.245 [FXGL Background Thread 1 ] DEBUG SystemBundleService  - Bundle FXGL: {}
17:39:49.245 [FXGL Background Thread 1 ] DEBUG UpdaterService       - Checking for updates
17:39:49.247 [FXGL Background Thread 4 ] DEBUG FXGLApplication      - Loading fonts
17:39:49.248 [FXGL Background Thread 1 ] DEBUG FXGLApplication      - Loading default localization
17:39:49.248 [FXGL Background Thread 4 ] DEBUG FXGLAssetLoaderServi - Loading from file system: jar:file:///C:/Users/alexb/.m2/repository/com/github/almasb/fxgl/17/fxgl-17.jar!/fxglassets/ui/fonts/VarelaRound-Regular.ttf
17:39:49.248 [FXGL Background Thread 1 ] DEBUG FXGLAssetLoaderServi - Loading from file system: jar:file:///C:/Users/alexb/.m2/repository/com/github/almasb/fxgl/17/fxgl-17.jar!/fxglassets/languages/english.lang
17:39:49.259 [FXGL Background Thread 1 ] INFO  FXGLApplication      - FXGL initialization took: 0.290 sec
17:39:49.267 [JavaFX Application Thread] DEBUG Input                - Registered new binding: Up - W
17:39:49.267 [JavaFX Application Thread] DEBUG Input                - Registered new binding: Down - S
17:39:49.267 [JavaFX Application Thread] DEBUG FXGLAssetLoaderServi - Loading from file system: jar:file:///C:/Users/alexb/.m2/repository/com/github/almasb/fxgl/17/fxgl-17.jar!/fxglassets/textures/fxgl_icon.png
17:39:49.286 [JavaFX Application Thread] DEBUG FXGLAssetLoaderServi - Loading from file system: jar:file:///C:/Users/alexb/.m2/repository/com/github/almasb/fxgl/17/fxgl-17.jar!/fxglassets/textures/fxgl_default_cursor.png
17:39:49.289 [JavaFX Application Thread] DEBUG Input                - Registered new binding: Screenshot - CTRL+8
17:39:49.289 [JavaFX Application Thread] DEBUG Input                - Registered new binding: System info dump - CTRL+9
17:39:49.290 [JavaFX Application Thread] DEBUG Input                - Registered new binding: Restart - CTRL+R
17:39:49.290 [JavaFX Application Thread] DEBUG Input                - Registered new binding: Toggle Debug Camera - CTRL+7
17:39:49.292 [JavaFX Application Thread] DEBUG LoopRunner           - Starting loop
17:39:49.292 [JavaFX Application Thread] DEBUG LoopRunner           - Initializing JavaFX AnimationTimerLoop
17:39:49.293 [JavaFX Application Thread] DEBUG GameApplicationServi - Starting new game
17:39:49.293 [JavaFX Application Thread] DEBUG Input                - Clearing active input actions
17:39:49.294 [FXGL Background Thread 4 ] DEBUG FXGLAssetLoaderServi - Loading from file system: jar:file:///C:/Users/alexb/.m2/repository/com/github/almasb/fxgl/17/fxgl-17.jar!/fxglassets/ui/fonts/Abel-Regular.ttf
17:39:49.297 [FXGL Background Thread 4 ] DEBUG FXGLAssetLoaderServi - Loading from file system: jar:file:///C:/Users/alexb/.m2/repository/com/github/almasb/fxgl/17/fxgl-17.jar!/fxglassets/ui/fonts/TerminalLandMono-Regular.otf
17:39:49.299 [FXGL Background Thread 4 ] DEBUG FXGLAssetLoaderServi - Loading from file system: jar:file:///C:/Users/alexb/.m2/repository/com/github/almasb/fxgl/17/fxgl-17.jar!/fxglassets/ui/fonts/Courier-Prime.ttf
17:39:49.302 [JavaFX Application Thread] DEBUG GameApplicationServi - Removing overlay from FXGLStartupScene and adding to FXGLLoadingScene
17:39:49.303 [JavaFX Application Thread] DEBUG PrimaryStageWindow   - FXGLStartupScene -> FXGLLoadingScene
17:39:49.303 [JavaFX Application Thread] DEBUG GameApplicationServi - Clearing previous game
17:39:49.303 [JavaFX Application Thread] DEBUG GameScene            - Clearing game scene
17:39:49.303 [JavaFX Application Thread] DEBUG GameWorld            - Clearing game world
17:39:49.303 [JavaFX Application Thread] DEBUG PhysicsWorld         - Clearing physics world
17:39:49.304 [FXGL Background Thread 4 ] DEBUG FXGLApplication      - Initializing game
17:39:49.335 [FXGL Background Thread 4 ] WARN  Entity               - Entity already has component: com.almasb.fxgl.entity.components.CollidableComponent
17:39:49.337 [JavaFX Application Thread] DEBUG FXGLApplication      - Registering font factories with UI factory
17:39:49.343 [FXGL Background Thread 4 ] INFO  FXGLApplication      - Game initialization took: 0.038 sec
17:39:49.344 [JavaFX Application Thread] DEBUG Input                - Clearing active input actions
17:39:49.351 [JavaFX Application Thread] DEBUG GameApplicationServi - Removing overlay from FXGLLoadingScene and adding to GameScene
17:39:49.351 [JavaFX Application Thread] DEBUG PrimaryStageWindow   - FXGLLoadingScene -> GameScene
17:39:49.564 [FXGL Background Thread 2 ] INFO  UpdaterService       - Your current version:  17
17:39:49.564 [FXGL Background Thread 2 ] INFO  UpdaterService       - Latest stable version: 17.1
17:39:49.956 [JavaFX Application Thread] DEBUG FXGLApplication      - Exiting FXGL
17:39:49.956 [JavaFX Application Thread] DEBUG LoopRunner           - Stopping loop
17:39:49.956 [JavaFX Application Thread] DEBUG SystemBundleService  - Saving FXGL system data
17:39:49.957 [JavaFX Application Thread] DEBUG FileSystemAccess     - Writing to: C:\Users\alexb\IdeaProjects\Pong\system\fxgl.bundle
17:39:49.959 [JavaFX Application Thread] DEBUG Async                - Shutting down background threads
17:39:49.959 [JavaFX Application Thread] DEBUG PrimaryStageWindow   - Closing main window
17:39:49.966 [JavaFX Application Thread] DEBUG Logger               - Closing Logger
